# JRE version: Java(TM) SE Runtime Environment (21.0.1+12) (build 21.0.1+12-LTS-29)
# Java VM: Java HotSpot(TM) 64-Bit Server VM (21.0.1+12-LTS-29, mixed mode, sharing, tiered, compressed oops, compressed class ptrs, g1 gc, windows-amd64)
GC Precious Log:
 CardTable entry size: 512
 Card Set container configuration: InlinePtr #cards 5 size 8 Array Of Cards #cards 12 size 40 Howl #buckets 4 coarsen threshold 1843 Howl Bitmap #cards 512 size 80 coarsen threshold 460 Card regions per heap region 1 cards per card region 2048
 CPUs: 4 total, 4 available
 Memory: 3961M
 Large Page Support: Disabled
 NUMA Support: Disabled
 Compressed Oops: Enabled (32-bit)
 Heap Region Size: 1M
 Heap Min Capacity: 8M
 Heap Initial Capacity: 62M
 Heap Max Capacity: 992M
 Pre-touch: Disabled
 Parallel Workers: 4
 Concurrent Workers: 1
 Concurrent Refinement Workers: 4
 Periodic GC: Disabled
Heap:
 garbage-first heap   total 53248K, used 31012K [0x00000000c2000000, 0x0000000100000000)
  region size 1024K, 6 young (6144K), 3 survivors (3072K)
 Metaspace       used 69127K, committed 69760K, reserved 1114112K
  class space    used 9566K, committed 9856K, reserved 1048576K
GC Heap History (20 events):
Event: 8.486 GC heap before
{Heap before GC invocations=6 (full 0):
 garbage-first heap   total 51200K, used 48329K [0x00000000c2000000, 0x0000000100000000)
  region size 1024K, 36 young (36864K), 1 survivors (1024K)
 Metaspace       used 28473K, committed 28864K, reserved 1114112K
  class space    used 4049K, committed 4224K, reserved 1048576K
}
Event: 8.494 GC heap after
{Heap after GC invocations=7 (full 0):
 garbage-first heap   total 53248K, used 15696K [0x00000000c2000000, 0x0000000100000000)
  region size 1024K, 3 young (3072K), 3 survivors (3072K)
 Metaspace       used 28473K, committed 28864K, reserved 1114112K
  class space    used 4049K, committed 4224K, reserved 1048576K
}
Event: 9.809 GC heap before
{Heap before GC invocations=7 (full 0):
 garbage-first heap   total 53248K, used 42320K [0x00000000c2000000, 0x0000000100000000)
  region size 1024K, 30 young (30720K), 3 survivors (3072K)
 Metaspace       used 33026K, committed 33408K, reserved 1114112K
  class space    used 4632K, committed 4800K, reserved 1048576K
}
Event: 9.818 GC heap after
{Heap after GC invocations=8 (full 0):
 garbage-first heap   total 53248K, used 18346K [0x00000000c2000000, 0x0000000100000000)
  region size 1024K, 3 young (3072K), 3 survivors (3072K)
 Metaspace       used 33026K, committed 33408K, reserved 1114112K
  class space    used 4632K, committed 4800K, reserved 1048576K
}
Event: 10.608 GC heap before
{Heap before GC invocations=8 (full 0):
 garbage-first heap   total 53248K, used 33706K [0x00000000c2000000, 0x0000000100000000)
  region size 1024K, 19 young (19456K), 3 survivors (3072K)
 Metaspace       used 35571K, committed 35968K, reserved 1114112K
  class space    used 4965K, committed 5120K, reserved 1048576K
}
Event: 10.615 GC heap after
{Heap after GC invocations=9 (full 0):
 garbage-first heap   total 53248K, used 19705K [0x00000000c2000000, 0x0000000100000000)
  region size 1024K, 2 young (2048K), 2 survivors (2048K)
 Metaspace       used 35571K, committed 35968K, reserved 1114112K
  class space    used 4965K, committed 5120K, reserved 1048576K
}
Event: 12.149 GC heap before
{Heap before GC invocations=10 (full 0):
 garbage-first heap   total 53248K, used 44281K [0x00000000c2000000, 0x0000000100000000)
  region size 1024K, 26 young (26624K), 2 survivors (2048K)
 Metaspace       used 39234K, committed 39808K, reserved 1114112K
  class space    used 5533K, committed 5824K, reserved 1048576K
}
Event: 12.157 GC heap after
{Heap after GC invocations=11 (full 0):
 garbage-first heap   total 53248K, used 22373K [0x00000000c2000000, 0x0000000100000000)
  region size 1024K, 4 young (4096K), 4 survivors (4096K)
 Metaspace       used 39234K, committed 39808K, reserved 1114112K
  class space    used 5533K, committed 5824K, reserved 1048576K
}
Event: 13.493 GC heap before
{Heap before GC invocations=11 (full 0):
 garbage-first heap   total 53248K, used 43877K [0x00000000c2000000, 0x0000000100000000)
  region size 1024K, 26 young (26624K), 4 survivors (4096K)
 Metaspace       used 44969K, committed 45504K, reserved 1114112K
  class space    used 6364K, committed 6592K, reserved 1048576K
}
Event: 13.506 GC heap after
{Heap after GC invocations=12 (full 0):
 garbage-first heap   total 53248K, used 23384K [0x00000000c2000000, 0x0000000100000000)
  region size 1024K, 2 young (2048K), 2 survivors (2048K)
 Metaspace       used 44969K, committed 45504K, reserved 1114112K
  class space    used 6364K, committed 6592K, reserved 1048576K
}
Event: 16.848 GC heap before
{Heap before GC invocations=12 (full 0):
 garbage-first heap   total 53248K, used 44888K [0x00000000c2000000, 0x0000000100000000)
  region size 1024K, 23 young (23552K), 2 survivors (2048K)
 Metaspace       used 54605K, committed 55232K, reserved 1114112K
  class space    used 7518K, committed 7808K, reserved 1048576K
}
Event: 16.856 GC heap after
{Heap after GC invocations=13 (full 0):
 garbage-first heap   total 53248K, used 25315K [0x00000000c2000000, 0x0000000100000000)
  region size 1024K, 3 young (3072K), 3 survivors (3072K)
 Metaspace       used 54605K, committed 55232K, reserved 1114112K
  class space    used 7518K, committed 7808K, reserved 1048576K
}
Event: 17.878 GC heap before
{Heap before GC invocations=13 (full 0):
 garbage-first heap   total 53248K, used 45795K [0x00000000c2000000, 0x0000000100000000)
  region size 1024K, 23 young (23552K), 3 survivors (3072K)
 Metaspace       used 59153K, committed 59712K, reserved 1114112K
  class space    used 8075K, committed 8320K, reserved 1048576K
}
Event: 17.885 GC heap after
{Heap after GC invocations=14 (full 0):
 garbage-first heap   total 53248K, used 26597K [0x00000000c2000000, 0x0000000100000000)
  region size 1024K, 2 young (2048K), 2 survivors (2048K)
 Metaspace       used 59153K, committed 59712K, reserved 1114112K
  class space    used 8075K, committed 8320K, reserved 1048576K
}
Event: 17.952 GC heap before
{Heap before GC invocations=14 (full 0):
 garbage-first heap   total 53248K, used 27621K [0x00000000c2000000, 0x0000000100000000)
  region size 1024K, 5 young (5120K), 2 survivors (2048K)
 Metaspace       used 59647K, committed 60160K, reserved 1114112K
  class space    used 8135K, committed 8384K, reserved 1048576K
}
Event: 17.955 GC heap after
{Heap after GC invocations=15 (full 0):
 garbage-first heap   total 53248K, used 26883K [0x00000000c2000000, 0x0000000100000000)
  region size 1024K, 2 young (2048K), 2 survivors (2048K)
 Metaspace       used 59647K, committed 60160K, reserved 1114112K
  class space    used 8135K, committed 8384K, reserved 1048576K
}
Event: 18.847 GC heap before
{Heap before GC invocations=16 (full 0):
 garbage-first heap   total 53248K, used 45315K [0x00000000c2000000, 0x0000000100000000)
  region size 1024K, 21 young (21504K), 2 survivors (2048K)
 Metaspace       used 64981K, committed 65664K, reserved 1114112K
  class space    used 8962K, committed 9280K, reserved 1048576K
}
Event: 18.852 GC heap after
{Heap after GC invocations=17 (full 0):
 garbage-first heap   total 53248K, used 27077K [0x00000000c2000000, 0x0000000100000000)
  region size 1024K, 2 young (2048K), 2 survivors (2048K)
 Metaspace       used 64981K, committed 65664K, reserved 1114112K
  class space    used 8962K, committed 9280K, reserved 1048576K
}
Event: 20.958 GC heap before
{Heap before GC invocations=17 (full 0):
 garbage-first heap   total 53248K, used 46533K [0x00000000c2000000, 0x0000000100000000)
  region size 1024K, 21 young (21504K), 2 survivors (2048K)
 Metaspace       used 68825K, committed 69504K, reserved 1114112K
  class space    used 9524K, committed 9792K, reserved 1048576K
}
Event: 20.968 GC heap after
{Heap after GC invocations=18 (full 0):
 garbage-first heap   total 53248K, used 28964K [0x00000000c2000000, 0x0000000100000000)
  region size 1024K, 3 young (3072K), 3 survivors (3072K)
 Metaspace       used 68825K, committed 69504K, reserved 1114112K
  class space    used 9524K, committed 9792K, reserved 1048576K
}

